 1 0.
 2 0.
 3 0.
 4 0.
 5 0.
 6 0.
 7 0.
 8 0.
 9 0.
 10 0.
 11 0.5
 12 0.
 13 0.5
 14 0.
 15 0.
 16 0.
 17 0.
 18 0.
 19 0.
 20 0.
 21 0.
 22 0.
 23 0.
  
 1 0.
 2 0.
 3 0.
 4 0.
 5 0.
 6 0.
 7 0.
 8 0.
 9 0.
 10 0.25
 11 0.
 12 0.5
 13 0.
 14 0.25
 15 0.
 16 0.
 17 0.
 18 0.
 19 0.
 20 0.
 21 0.
 22 0.
 23 0.
  
 1 0.
 2 0.
 3 0.
 4 0.
 5 0.
 6 0.
 7 0.
 8 0.
 9 0.125
 10 0.
 11 0.375
 12 0.
 13 0.375
 14 0.
 15 0.125
 16 0.
 17 0.
 18 0.
 19 0.
 20 0.
 21 0.
 22 0.
 23 0.
  
 1 0.
 2 0.
 3 0.
 4 0.
 5 0.
 6 0.
 7 0.
 8 0.0625
 9 0.
 10 0.25
 11 0.
 12 0.375
 13 0.
 14 0.25
 15 0.
 16 0.0625
 17 0.
 18 0.
 19 0.
 20 0.
 21 0.
 22 0.
 23 0.
  
 1 0.
 2 0.
 3 0.
 4 0.
 5 0.
 6 0.
 7 0.03125
 8 0.
 9 0.15625
 10 0.
 11 0.3125
 12 0.
 13 0.3125
 14 0.
 15 0.15625
 16 0.
 17 0.03125
 18 0.
 19 0.
 20 0.
 21 0.
 22 0.
 23 0.
  
 1 0.
 2 0.
 3 0.
 4 0.
 5 0.
 6 0.015625
 7 0.
 8 0.09375
 9 0.
 10 0.234375
 11 0.
 12 0.3125
 13 0.
 14 0.234375
 15 0.
 16 0.09375
 17 0.
 18 0.015625
 19 0.
 20 0.
 21 0.
 22 0.
 23 0.
  
 1 0.
 2 0.
 3 0.
 4 0.
 5 0.0078125
 6 0.
 7 0.0546875
 8 0.
 9 0.1640625
 10 0.
 11 0.2734375
 12 0.
 13 0.2734375
 14 0.
 15 0.1640625
 16 0.
 17 0.0546875
 18 0.
 19 0.0078125
 20 0.
 21 0.
 22 0.
 23 0.
  
 1 0.
 2 0.
 3 0.
 4 0.00390625
 5 0.
 6 0.03125
 7 0.
 8 0.109375
 9 0.
 10 0.21875
 11 0.
 12 0.2734375
 13 0.
 14 0.21875
 15 0.
 16 0.109375
 17 0.
 18 0.03125
 19 0.
 20 0.00390625
 21 0.
 22 0.
 23 0.
  
 1 0.
 2 0.
 3 0.001953125
 4 0.
 5 0.017578125
 6 0.
 7 0.0703125
 8 0.
 9 0.1640625
 10 0.
 11 0.24609375
 12 0.
 13 0.24609375
 14 0.
 15 0.1640625
 16 0.
 17 0.0703125
 18 0.
 19 0.017578125
 20 0.
 21 0.001953125
 22 0.
 23 0.
  
 1 0.
 2 0.0009765625
 3 0.
 4 0.009765625
 5 0.
 6 0.043945313
 7 0.
 8 0.1171875
 9 0.
 10 0.20507813
 11 0.
 12 0.24609375
 13 0.
 14 0.20507813
 15 0.
 16 0.1171875
 17 0.
 18 0.043945313
 19 0.
 20 0.009765625
 21 0.
 22 0.0009765625
 23 0.
  
 1 0.00048828125
 2 0.
 3 0.0053710938
 4 0.
 5 0.026855469
 6 0.
 7 0.080566406
 8 0.
 9 0.16113281
 10 0.
 11 0.22558594
 12 0.
 13 0.22558594
 14 0.
 15 0.16113281
 16 0.
 17 0.080566406
 18 0.
 19 0.026855469
 20 0.
 21 0.0053710938
 22 0.
 23 0.00048828125
  
 1 0.
 2 0.0029311187
 3 0.
 4 0.016121153
 5 0.
 6 0.053737175
 7 0.
 8 0.12090865
 9 0.
 10 0.19345383
 11 0.
 12 0.22569615
 13 0.
 14 0.19345383
 15 0.
 16 0.12090865
 17 0.
 18 0.053737175
 19 0.
 20 0.016121153
 21 0.
 22 0.0029311187
 23 0.
  
 1 0.0014655595
 2 0.
 3 0.009526136
 4 0.
 5 0.034929167
 6 0.
 7 0.08732292
 8 0.
 9 0.15718125
 10 0.
 11 0.20957501
 12 0.
 13 0.20957501
 14 0.
 15 0.15718125
 16 0.
 17 0.08732292
 18 0.
 19 0.034929167
 20 0.
 21 0.009526136
 22 0.
 23 0.0014655595
  
 1 0.
 2 0.005503914
 3 0.
 4 0.022260273
 5 0.
 6 0.061215755
 7 0.
 8 0.1224315
 9 0.
 10 0.18364726
 11 0.
 12 0.20988259
 13 0.
 14 0.18364726
 15 0.
 16 0.1224315
 17 0.
 18 0.061215755
 19 0.
 20 0.022260273
 21 0.
 22 0.005503914
 23 0.
  
 1 0.002751957
 2 0.
 3 0.013882093
 4 0.
 5 0.041738015
 6 0.
 7 0.09182363
 8 0.
 9 0.15303938
 10 0.
 11 0.19676492
 12 0.
 13 0.19676492
 14 0.
 15 0.15303938
 16 0.
 17 0.09182363
 18 0.
 19 0.041738015
 20 0.
 21 0.013882093
 22 0.
 23 0.002751957
  
 1 0.
 2 0.008339977
 3 0.
 4 0.027886799
 5 0.
 6 0.06696511
 7 0.
 8 0.12276936
 9 0.
 10 0.1753848
 11 0.
 12 0.19730791
 13 0.
 14 0.1753848
 15 0.
 16 0.12276936
 17 0.
 18 0.06696511
 19 0.
 20 0.027886799
 21 0.
 22 0.008339977
 23 0.
  
 1 0.0041699884
 2 0.
 3 0.018113388
 4 0.
 5 0.047425956
 6 0.
 7 0.09486724
 8 0.
 9 0.14907709
 10 0.
 11 0.18634635
 12 0.
 13 0.18634635
 14 0.
 15 0.14907709
 16 0.
 17 0.09486724
 18 0.
 19 0.047425956
 20 0.
 21 0.018113388
 22 0.
 23 0.0041699884
  
 1 0.
 2 0.011188342
 3 0.
 4 0.032906894
 5 0.
 6 0.07144451
 7 0.
 8 0.1224829
 9 0.
 10 0.168414
 11 0.
 12 0.18712667
 13 0.
 14 0.168414
 15 0.
 16 0.1224829
 17 0.
 18 0.07144451
 19 0.
 20 0.032906894
 21 0.
 22 0.011188342
 23 0.
  
 1 0.0055941716
 2 0.
 3 0.02204762
 4 0.
 5 0.052175704
 6 0.
 7 0.09696371
 8 0.
 9 0.14544846
 10 0.
 11 0.17777035
 12 0.
 13 0.17777035
 14 0.
 15 0.14544846
 16 0.
 17 0.09696371
 18 0.
 19 0.052175704
 20 0.
 21 0.02204762
 22 0.
 23 0.0055941716
  
 1 0.
 2 0.013898647
 3 0.
 4 0.03732044
 5 0.
 6 0.074989215
 7 0.
 8 0.12188795
 9 0.
 10 0.16251858
 11 0.
 12 0.17877042
 13 0.
 14 0.16251858
 15 0.
 16 0.12188795
 17 0.
 18 0.074989215
 19 0.
 20 0.03732044
 21 0.
 22 0.013898647
 23 0.
  
 1 0.0069493228
 2 0.
 3 0.02560954
 4 0.
 5 0.056154817
 6 0.
 7 0.09843857
 8 0.
 9 0.14220326
 10 0.
 11 0.17064448
 12 0.
 13 0.17064448
 14 0.
 15 0.14220326
 16 0.
 17 0.09843857
 18 0.
 19 0.056154817
 20 0.
 21 0.02560954
 22 0.
 23 0.0069493228
  
 1 0.
 2 0.016393354
 3 0.
 4 0.041168272
 5 0.
 6 0.07783761
 7 0.
 8 0.12116292
 9 0.
 10 0.15751852
 11 0.
 12 0.17183864
 13 0.
 14 0.15751852
 15 0.
 16 0.12116292
 17 0.
 18 0.07783761
 19 0.
 20 0.041168272
 21 0.
 22 0.016393354
 23 0.
  
 1 0.008196676
 2 0.
 3 0.02878081
 4 0.
 5 0.059502933
 6 0.
 7 0.099500254
 8 0.
 9 0.13934071
 10 0.
 11 0.16467856
 12 0.
 13 0.16467856
 14 0.
 15 0.13934071
 16 0.
 17 0.099500254
 18 0.
 19 0.059502933
 20 0.
 21 0.02878081
 22 0.
 23 0.008196676
  
 1 0.
 2 0.018641545
 3 0.
 4 0.044506688
 5 0.
 6 0.080158636
 7 0.
 8 0.12040744
 9 0.
 10 0.15326594
 11 0.
 12 0.16603956
 13 0.
 14 0.15326594
 15 0.
 16 0.12040744
 17 0.
 18 0.080158636
 19 0.
 20 0.044506688
 21 0.
 22 0.018641545
 23 0.
  
 1 0.009320772
 2 0.
 3 0.031574115
 4 0.
 5 0.06233266
 6 0.
 7 0.10028304
 8 0.
 9 0.1368367
 10 0.
 11 0.15965274
 12 0.
 13 0.15965274
 14 0.
 15 0.1368367
 16 0.
 17 0.10028304
 18 0.
 19 0.06233266
 20 0.
 21 0.031574115
 22 0.
 23 0.009320772
  
 1 0.
 2 0.020639824
 3 0.
 4 0.047395147
 5 0.
 6 0.08207283
 7 0.
 8 0.11967534
 9 0.
 10 0.14963947
 11 0.
 12 0.16115484
 13 0.
 14 0.14963947
 15 0.
 16 0.11967534
 17 0.
 18 0.08207283
 19 0.
 20 0.047395147
 21 0.
 22 0.020639824
 23 0.
  
 1 0.010319912
 2 0.
 3 0.034017485
 4 0.
 5 0.06473399
 6 0.
 7 0.10087408
 8 0.
 9 0.13465741
 10 0.
 11 0.15539715
 12 0.
 13 0.15539715
 14 0.
 15 0.13465741
 16 0.
 17 0.10087408
 18 0.
 19 0.06473399
 20 0.
 21 0.034017485
 22 0.
 23 0.010319912
  
 1 0.
 2 0.022399863
 3 0.
 4 0.049890604
 5 0.
 6 0.08366749
 7 0.
 8 0.11899376
 9 0.
 10 0.14653955
 11 0.
 12 0.15701756
 13 0.
 14 0.14653955
 15 0.
 16 0.11899376
 17 0.
 18 0.08366749
 19 0.
 20 0.049890604
 21 0.
 22 0.022399863
 23 0.
  
 1 0.011199931
 2 0.
 3 0.03614523
 4 0.
 5 0.06677904
 6 0.
 7 0.10133061
 8 0.
 9 0.13276665
 10 0.
 11 0.15177853
 12 0.
 13 0.15177853
 14 0.
 15 0.13276665
 16 0.
 17 0.10133061
 18 0.
 19 0.06677904
 20 0.
 21 0.03614523
 22 0.
 23 0.011199931
  
 1 0.
 2 0.023940716
 3 0.
 4 0.05204504
 5 0.
 6 0.0850069
 7 0.
 8 0.118374415
 9 0.
 10 0.1438841
 11 0.
 12 0.1534977
 13 0.
 14 0.1438841
 15 0.
 16 0.118374415
 17 0.
 18 0.0850069
 19 0.
 20 0.05204504
 21 0.
 22 0.023940716
 23 0.
  
 1 0.011970358
 2 0.
 3 0.03799288
 4 0.
 5 0.06852597
 6 0.
 7 0.10169066
 8 0.
 9 0.13112925
 10 0.
 11 0.1486909
 12 0.
 13 0.1486909
 14 0.
 15 0.13112925
 16 0.
 17 0.10169066
 18 0.
 19 0.06852597
 20 0.
 21 0.03799288
 22 0.
 23 0.011970358
  
 1 0.
 2 0.02528428
 3 0.
 4 0.053904682
 5 0.
 6 0.086139426
 7 0.
 8 0.11782031
 9 0.
 10 0.14160514
 11 0.
 12 0.15049234
 13 0.
 14 0.14160514
 15 0.
 16 0.11782031
 17 0.
 18 0.086139426
 19 0.
 20 0.053904682
 21 0.
 22 0.02528428
 23 0.
  
 1 0.01264214
 2 0.
 3 0.03959448
 4 0.
 5 0.070022054
 6 0.
 7 0.10197987
 8 0.
 9 0.12971273
 10 0.
 11 0.14604874
 12 0.
 13 0.14604874
 14 0.
 15 0.12971273
 16 0.
 17 0.10197987
 18 0.
 19 0.070022054
 20 0.
 21 0.03959448
 22 0.
 23 0.01264214
  
 1 0.
 2 0.026452728
 3 0.
 4 0.055510033
 5 0.
 6 0.08710212
 7 0.
 8 0.1173296
 9 0.
 10 0.13964617
 11 0.
 12 0.14791875
 13 0.
 14 0.13964617
 15 0.
 16 0.1173296
 17 0.
 18 0.08710212
 19 0.
 20 0.055510033
 21 0.
 22 0.026452728
 23 0.
  
 1 0.013226362
 2 0.
 3 0.04098138
 4 0.
 5 0.07130607
 6 0.
 7 0.10221584
 8 0.
 9 0.12848787
 10 0.
 11 0.14378245
 12 0.
 13 0.14378245
 14 0.
 15 0.12848787
 16 0.
 17 0.10221584
 18 0.
 19 0.07130607
 20 0.
 21 0.04098138
 22 0.
 23 0.013226362
  
 1 0.
 2 0.027467165
 3 0.
 4 0.056896262
 5 0.
 6 0.08792388
 7 0.
 8 0.11689801
 9 0.
 10 0.13795988
 11 0.
 12 0.14570968
 13 0.
 14 0.13795988
 15 0.
 16 0.11689801
 17 0.
 18 0.08792388
 19 0.
 20 0.056896262
 21 0.
 22 0.027467165
 23 0.
  
 1 0.013733581
 2 0.
 3 0.04218171
 4 0.
 5 0.07241006
 6 0.
 7 0.10241093
 8 0.
 9 0.12742893
 10 0.
 11 0.14183477
 12 0.
 13 0.14183477
 14 0.
 15 0.12742893
 16 0.
 17 0.10241093
 18 0.
 19 0.07241006
 20 0.
 21 0.04218171
 22 0.
 23 0.013733581
  
 1 0.
 2 0.028346954
 3 0.
 4 0.05809373
 5 0.
 6 0.08862768
 7 0.
 8 0.11652018
 9 0.
 10 0.13650659
 11 0.
 12 0.14380981
 13 0.
 14 0.13650659
 15 0.
 16 0.11652018
 17 0.
 18 0.08862768
 19 0.
 20 0.05809373
 21 0.
 22 0.028346954
 23 0.
  
 1 0.014173475
 2 0.
 3 0.043220337
 4 0.
 5 0.0733607
 6 0.
 7 0.10257392
 8 0.
 9 0.12651338
 10 0.
 11 0.14015819
 12 0.
 13 0.14015819
 14 0.
 15 0.12651338
 16 0.
 17 0.10257392
 18 0.
 19 0.0733607
 20 0.
 21 0.043220337
 22 0.
 23 0.014173475
  
 1 0.
 2 0.029109491
 3 0.
 4 0.059128582
 5 0.
 6 0.08923204
 7 0.
 8 0.11619048
 9 0.
 10 0.1352528
 11 0.
 12 0.14217329
 13 0.
 14 0.1352528
 15 0.
 16 0.11619048
 17 0.
 18 0.08923204
 19 0.
 20 0.059128582
 21 0.
 22 0.029109491
 23 0.
  
 1 0.014554744
 2 0.
 3 0.044119034
 4 0.
 5 0.074180305
 6 0.
 7 0.102711245
 8 0.
 9 0.12572162
 10 0.
 11 0.13871303
 12 0.
 13 0.13871303
 14 0.
 15 0.12572162
 16 0.
 17 0.102711245
 18 0.
 19 0.074180305
 20 0.
 21 0.044119034
 22 0.
 23 0.014554744
  
 1 0.
 2 0.029770186
 3 0.
 4 0.06002329
 5 0.
 6 0.08975209
 7 0.
 8 0.11590338
 9 0.
 10 0.13417013
 11 0.
 12 0.14076178
 13 0.
 14 0.13417013
 15 0.
 16 0.11590338
 17 0.
 18 0.08975209
 19 0.
 20 0.06002329
 21 0.
 22 0.029770186
 23 0.
  
 1 0.014885095
 2 0.
 3 0.04489674
 4 0.
 5 0.0748877
 6 0.
 7 0.10282775
 8 0.
 9 0.12503676
 10 0.
 11 0.13746597
 12 0.
 13 0.13746597
 14 0.
 15 0.12503676
 16 0.
 17 0.10282775
 18 0.
 19 0.0748877
 20 0.
 21 0.04489674
 22 0.
 23 0.014885095
  
 1 0.
 2 0.030342568
 3 0.
 4 0.060797192
 5 0.
 6 0.090200365
 7 0.
 8 0.11565377
 9 0.
 10 0.13323458
 11 0.
 12 0.13954307
 13 0.
 14 0.13323458
 15 0.
 16 0.11565377
 17 0.
 18 0.090200365
 19 0.
 20 0.060797192
 21 0.
 22 0.030342568
 23 0.
  
 1 0.015171284
 2 0.
 3 0.04556988
 4 0.
 5 0.075498775
 6 0.
 7 0.10292707
 8 0.
 9 0.12444417
 10 0.
 11 0.13638882
 12 0.
 13 0.13638882
 14 0.
 15 0.12444417
 16 0.
 17 0.10292707
 18 0.
 19 0.075498775
 20 0.
 21 0.04556988
 22 0.
 23 0.015171284
  
 1 0.
 2 0.030838437
 3 0.
 4 0.061466854
 5 0.
 6 0.090587236
 7 0.
 8 0.115436934
 9 0.
 10 0.13242555
 11 0.
 12 0.13848987
 13 0.
 14 0.13242555
 15 0.
 16 0.115436934
 17 0.
 18 0.090587236
 19 0.
 20 0.061466854
 21 0.
 22 0.030838437
 23 0.
  
 1 0.015419221
 2 0.
 3 0.046152648
 4 0.
 5 0.07602705
 6 0.
 7 0.1030121
 8 0.
 9 0.12393126
 10 0.
 11 0.13545772
 12 0.
 13 0.13545772
 14 0.
 15 0.12393126
 16 0.
 17 0.1030121
 18 0.
 19 0.07602705
 20 0.
 21 0.046152648
 22 0.
 23 0.015419221
  
 1 0.
 2 0.031268064
 3 0.
 4 0.06204656
 5 0.
 6 0.090921514
 7 0.
 8 0.115248725
 9 0.
 10 0.1317256
 11 0.
 12 0.13757908
 13 0.
 14 0.1317256
 15 0.
 16 0.115248725
 17 0.
 18 0.090921514
 19 0.
 20 0.06204656
 21 0.
 22 0.031268064
 23 0.
  
 1 0.015634032
 2 0.
 3 0.046657313
 4 0.
 5 0.07648404
 6 0.
 7 0.103085116
 8 0.
 9 0.12348716
 10 0.
 11 0.13465235
 12 0.
 13 0.13465235
 14 0.
 15 0.12348716
 16 0.
 17 0.103085116
 18 0.
 19 0.07648404
 20 0.
 21 0.046657313
 22 0.
 23 0.015634032
  
 1 0.
 2 0.03164034
 3 0.
 4 0.06254856
 5 0.
 6 0.09121057
 7 0.
 8 0.115085386
 9 0.
 10 0.13111968
 11 0.
 12 0.13679095
 13 0.
 14 0.13111968
 15 0.
 16 0.115085386
 17 0.
 18 0.09121057
 19 0.
 20 0.06254856
 21 0.
 22 0.03164034
 23 0.
  
